<?xml version="1.0" encoding="UTF-8"?>
<!-- Generated by org.testng.reporters.JUnitReportReporter -->
<testsuite hostname="DESKTOP-E9AME9Q" name="com.appium.testng.ZhiHuTest" tests="3" failures="0" timestamp="29 Dec 2017 16:02:21 GMT" time="33.167" errors="0">
  <testcase name="t002_search" time="10.399" classname="com.appium.testng.ZhiHuTest"/>
  <testcase name="t003_attention" time="6.897" classname="com.appium.testng.ZhiHuTest"/>
  <testcase name="t001_login" time="15.871" classname="com.appium.testng.ZhiHuTest"/>
</testsuite> <!-- com.appium.testng.ZhiHuTest -->
