<?xml version="1.0" encoding="UTF-8"?>
<!-- Generated by org.testng.reporters.JUnitReportReporter -->
<testsuite hostname="怎么那么肥" name="cn.crazy.appium.testngtest.study3" tests="12" failures="0" timestamp="17 Aug 2018 13:57:23 GMT" time="0.121" errors="0">
  <testcase name="test1" time="0.005" classname="cn.crazy.appium.testngtest.study3"/>
  <testcase name="test1" time="0.002" classname="cn.crazy.appium.testngtest.study3"/>
  <testcase name="printinfo" time="0.025" classname="cn.crazy.appium.testngtest.study3"/>
  <testcase name="printinfo" time="0.025" classname="cn.crazy.appium.testngtest.study3"/>
  <testcase name="test1" time="0.003" classname="cn.crazy.appium.testngtest.study3"/>
  <testcase name="test1" time="0.008" classname="cn.crazy.appium.testngtest.study3"/>
  <testcase name="printinfo" time="0.025" classname="cn.crazy.appium.testngtest.study3"/>
  <testcase name="test1" time="0.002" classname="cn.crazy.appium.testngtest.study3"/>
  <testcase name="test1" time="0.007" classname="cn.crazy.appium.testngtest.study3"/>
  <testcase name="test1" time="0.002" classname="cn.crazy.appium.testngtest.study3"/>
  <testcase name="test1" time="0.015" classname="cn.crazy.appium.testngtest.study3"/>
  <testcase name="test1" time="0.002" classname="cn.crazy.appium.testngtest.study3"/>
</testsuite> <!-- cn.crazy.appium.testngtest.study3 -->
