<?xml version="1.0" encoding="UTF-8"?>
<!-- Generated by org.testng.reporters.JUnitReportReporter -->
<testsuite hostname="DESKTOP-E9AME9Q" name="com.appium.testng.UploadPhoto" tests="1" failures="0" timestamp="26 Dec 2017 14:58:42 GMT" time="68.642" errors="0">
  <testcase name="t1_uploadPhoto" time="68.642" classname="com.appium.testng.UploadPhoto"/>
</testsuite> <!-- com.appium.testng.UploadPhoto -->
