<?xml version="1.0" encoding="UTF-8"?>
<!-- Generated by org.testng.reporters.JUnitReportReporter -->
<testsuite hostname="怎么那么肥" name="cn.crazy.appium.testcases.ZhihuPicture" tests="1" failures="0" timestamp="19 Aug 2018 14:10:10 GMT" time="122.978" errors="0">
  <testcase name="t1_picture" time="122.978" classname="cn.crazy.appium.testcases.ZhihuPicture"/>
</testsuite> <!-- cn.crazy.appium.testcases.ZhihuPicture -->
