<?xml version="1.0" encoding="UTF-8"?>
<!-- Generated by org.testng.reporters.JUnitReportReporter -->
<testsuite hostname="怎么那么肥" name="cn.crazy.appium.testngtest.ZhihuTests" tests="4" failures="0" timestamp="17 Aug 2018 16:25:11 GMT" time="95.197" errors="0">
  <testcase name="t1_login" time="25.782" classname="cn.crazy.appium.testngtest.ZhihuTests"/>
  <testcase name="t1_login" time="29.876" classname="cn.crazy.appium.testngtest.ZhihuTests"/>
  <testcase name="t2_logout" time="15.297" classname="cn.crazy.appium.testngtest.ZhihuTests"/>
  <testcase name="t2_logout" time="24.242" classname="cn.crazy.appium.testngtest.ZhihuTests"/>
</testsuite> <!-- cn.crazy.appium.testngtest.ZhihuTests -->
