<?xml version="1.0" encoding="UTF-8"?>
<!-- Generated by org.testng.reporters.JUnitReportReporter -->
<testsuite hostname="DESKTOP-E9AME9Q" name="com.appium.testng.UplodPhoto" tests="1" failures="0" timestamp="24 Dec 2017 15:44:02 GMT" time="19.060" errors="0">
  <testcase name="t001_uplodPthot" time="19.060" classname="com.appium.testng.UplodPhoto"/>
</testsuite> <!-- com.appium.testng.UplodPhoto -->
